Using pre-set license
Built from '2020.2/release' branch; Version is '2020.2.1f1 (270dd8c3da1c) revision 2559448'; Using compiler version '192528614'; Build Type 'Release'
OS: 'Windows 10  (10.0.0) 64bit' Language: 'ru' Physical Memory: 16317 MB
BatchMode: 1, IsHumanControllingUs: 0, StartBugReporterOnCrash: 0, Is64bit: 1, IsPro: 0

 COMMAND LINE ARGUMENTS:
D:\Programms\Unity 3D\2020.2.1f1\Editor\Unity.exe
-adb2
-batchMode
-noUpm
-name
AssetImportWorker0
-projectPath
D:/Hobbies/Unity/Repositories/Knifer/Knifer/Knifer
-logFile
Logs/AssetImportWorker0.log
-srvPort
54504
Successfully changed project path to: D:/Hobbies/Unity/Repositories/Knifer/Knifer/Knifer
D:/Hobbies/Unity/Repositories/Knifer/Knifer/Knifer
Using Asset Import Pipeline V2.
Refreshing native plugins compatible for Editor in 42.71 ms, found 1 plugins.
Preloading 0 native plugins for Editor in 0.00 ms.
Initialize engine version: 2020.2.1f1 (270dd8c3da1c)
[Subsystems] Discovering subsystems at path D:/Programms/Unity 3D/2020.2.1f1/Editor/Data/Resources/UnitySubsystems
[Subsystems] Discovering subsystems at path D:/Hobbies/Unity/Repositories/Knifer/Knifer/Knifer/Assets
GfxDevice: creating device client; threaded=0
Direct3D:
    Version:  Direct3D 11.0 [level 11.1]
    Renderer: NVIDIA GeForce GTX 1060 6GB (ID=0x1c03)
    Vendor:   
    VRAM:     6052 MB
    Driver:   27.21.14.6109
Initialize mono
Mono path[0] = 'D:/Programms/Unity 3D/2020.2.1f1/Editor/Data/Managed'
Mono path[1] = 'D:/Programms/Unity 3D/2020.2.1f1/Editor/Data/MonoBleedingEdge/lib/mono/unityjit'
Mono config path = 'D:/Programms/Unity 3D/2020.2.1f1/Editor/Data/MonoBleedingEdge/etc'
Using monoOptions --debugger-agent=transport=dt_socket,embedding=1,server=y,suspend=n,address=127.0.0.1:56304
Begin MonoManager ReloadAssembly
Registering precompiled unity dll's ...
Register platform support module: D:/Programms/Unity 3D/2020.2.1f1/Editor/Data/PlaybackEngines/WindowsStandaloneSupport/UnityEditor.WindowsStandalone.Extensions.dll
Registered in 0.001073 seconds.
Native extension for WindowsStandalone target not found
Refreshing native plugins compatible for Editor in 40.62 ms, found 1 plugins.
Preloading 0 native plugins for Editor in 0.00 ms.
Invoked RoslynAnalysisRunner static constructor.
RoslynAnalysisRunner will not be running.
RoslynAnalysisRunner has terminated.
Mono: successfully reloaded assembly
- Completed reload, in  3.053 seconds
Platform modules already initialized, skipping
Registering precompiled user dll's ...
Registered in 0.001083 seconds.
Begin MonoManager ReloadAssembly
Native extension for WindowsStandalone target not found
Refreshing native plugins compatible for Editor in 41.14 ms, found 1 plugins.
Preloading 0 native plugins for Editor in 0.00 ms.
Invoked RoslynAnalysisRunner static constructor.
RoslynAnalysisRunner will not be running.
RoslynAnalysisRunner has terminated.
Mono: successfully reloaded assembly
- Completed reload, in  1.137 seconds
Platform modules already initialized, skipping
========================================================================
Worker process is ready to serve import requests
Launched and connected shader compiler UnityShaderCompiler.exe after 0.06 seconds
Refreshing native plugins compatible for Editor in 0.53 ms, found 1 plugins.
Preloading 0 native plugins for Editor in 0.00 ms.
Unloading 1793 Unused Serialized files (Serialized files now loaded: 0)
System memory in use before: 84.6 MB.
System memory in use after: 84.6 MB.

Unloading 23 unused Assets to reduce memory usage. Loaded Objects now: 2239.
Total: 2.516200 ms (FindLiveObjects: 0.191500 ms CreateObjectMapping: 0.086300 ms MarkObjects: 2.074900 ms  DeleteObjects: 0.161700 ms)

========================================================================
Received Import Request.
  path: Assets/Scripts/KnifeMove.cs
  artifactKey: Guid(2ca4658f904757942833eaf5b546f785) Importer(815301076,1909f56bfc062723c751e8b465ee728b)
Start importing Assets/Scripts/KnifeMove.cs using Guid(2ca4658f904757942833eaf5b546f785) Importer(815301076,1909f56bfc062723c751e8b465ee728b)  -> (artifact id: 'b4a7cd57a5fb51daf98f94a68166eec7') in 0.071618 seconds
  Import took 0.075061 seconds .

========================================================================
Received Prepare
Registering precompiled user dll's ...
Registered in 0.002526 seconds.
Begin MonoManager ReloadAssembly
Native extension for WindowsStandalone target not found
Refreshing native plugins compatible for Editor in 0.35 ms, found 1 plugins.
Preloading 0 native plugins for Editor in 0.00 ms.
Invoked RoslynAnalysisRunner static constructor.
RoslynAnalysisRunner will not be running.
RoslynAnalysisRunner has terminated.
Mono: successfully reloaded assembly
- Completed reload, in  1.109 seconds
Platform modules already initialized, skipping
Refreshing native plugins compatible for Editor in 0.35 ms, found 1 plugins.
Preloading 0 native plugins for Editor in 0.00 ms.
Unloading 1788 Unused Serialized files (Serialized files now loaded: 0)
System memory in use before: 84.7 MB.
System memory in use after: 84.7 MB.

Unloading 12 unused Assets to reduce memory usage. Loaded Objects now: 2242.
Total: 2.037700 ms (FindLiveObjects: 0.164300 ms CreateObjectMapping: 0.062700 ms MarkObjects: 1.713800 ms  DeleteObjects: 0.095600 ms)

========================================================================
Received Import Request.
  Time since last request: 103.848173 seconds.
  path: Assets/Scripts/KnifeMove.cs
  artifactKey: Guid(2ca4658f904757942833eaf5b546f785) Importer(815301076,1909f56bfc062723c751e8b465ee728b)
Start importing Assets/Scripts/KnifeMove.cs using Guid(2ca4658f904757942833eaf5b546f785) Importer(815301076,1909f56bfc062723c751e8b465ee728b)  -> (artifact id: '6d6bf4614f5b971e9e632000736bc3fd') in 0.008424 seconds
  Import took 0.014283 seconds .

========================================================================
Received Import Request.
  Time since last request: 0.035494 seconds.
  path: Assets/Scripts/KnifeMove.cs
  artifactKey: Guid(2ca4658f904757942833eaf5b546f785) Importer(815301076,1909f56bfc062723c751e8b465ee728b)
Start importing Assets/Scripts/KnifeMove.cs using Guid(2ca4658f904757942833eaf5b546f785) Importer(815301076,1909f56bfc062723c751e8b465ee728b)  -> (artifact id: '6d6bf4614f5b971e9e632000736bc3fd') in 0.010109 seconds
  Import took 0.013411 seconds .

========================================================================
Received Prepare
Registering precompiled user dll's ...
Registered in 0.001077 seconds.
Begin MonoManager ReloadAssembly
Native extension for WindowsStandalone target not found
Refreshing native plugins compatible for Editor in 0.36 ms, found 1 plugins.
Preloading 0 native plugins for Editor in 0.00 ms.
Invoked RoslynAnalysisRunner static constructor.
RoslynAnalysisRunner will not be running.
RoslynAnalysisRunner has terminated.
Mono: successfully reloaded assembly
- Completed reload, in  1.303 seconds
Platform modules already initialized, skipping
Refreshing native plugins compatible for Editor in 0.46 ms, found 1 plugins.
Preloading 0 native plugins for Editor in 0.00 ms.
Unloading 1788 Unused Serialized files (Serialized files now loaded: 0)
System memory in use before: 84.8 MB.
System memory in use after: 84.8 MB.

Unloading 12 unused Assets to reduce memory usage. Loaded Objects now: 2245.
Total: 2.359300 ms (FindLiveObjects: 0.214500 ms CreateObjectMapping: 0.144100 ms MarkObjects: 1.904400 ms  DeleteObjects: 0.094800 ms)

========================================================================
Received Prepare
Registering precompiled user dll's ...
Registered in 0.001020 seconds.
Begin MonoManager ReloadAssembly
Native extension for WindowsStandalone target not found
Refreshing native plugins compatible for Editor in 0.42 ms, found 1 plugins.
Preloading 0 native plugins for Editor in 0.00 ms.
Invoked RoslynAnalysisRunner static constructor.
RoslynAnalysisRunner will not be running.
RoslynAnalysisRunner has terminated.
Mono: successfully reloaded assembly
- Completed reload, in  1.261 seconds
Platform modules already initialized, skipping
Refreshing native plugins compatible for Editor in 0.32 ms, found 1 plugins.
Preloading 0 native plugins for Editor in 0.00 ms.
Unloading 1788 Unused Serialized files (Serialized files now loaded: 0)
System memory in use before: 85.0 MB.
System memory in use after: 85.0 MB.

Unloading 12 unused Assets to reduce memory usage. Loaded Objects now: 2248.
Total: 2.419400 ms (FindLiveObjects: 0.182500 ms CreateObjectMapping: 0.076300 ms MarkObjects: 2.054500 ms  DeleteObjects: 0.104300 ms)

========================================================================
Received Import Request.
  Time since last request: 134.658432 seconds.
  path: Assets/Scripts/KnifeMove.cs
  artifactKey: Guid(2ca4658f904757942833eaf5b546f785) Importer(815301076,1909f56bfc062723c751e8b465ee728b)
Start importing Assets/Scripts/KnifeMove.cs using Guid(2ca4658f904757942833eaf5b546f785) Importer(815301076,1909f56bfc062723c751e8b465ee728b)  -> (artifact id: 'a9aafd517f56150af4c8305351134b1a') in 0.007451 seconds
  Import took 0.010539 seconds .

========================================================================
Received Import Request.
  Time since last request: 26.636216 seconds.
  path: Assets/Material/MaxBounce.physicsMaterial2D
  artifactKey: Guid(827416aa69cafb3478417462cacfcffd) Importer(815301076,1909f56bfc062723c751e8b465ee728b)
Start importing Assets/Material/MaxBounce.physicsMaterial2D using Guid(827416aa69cafb3478417462cacfcffd) Importer(815301076,1909f56bfc062723c751e8b465ee728b)  -> (artifact id: 'df08fa55ca41a8d629388c2a76f13bbd') in 0.023794 seconds
  Import took 0.026892 seconds .

========================================================================
Received Import Request.
  Time since last request: 18.695515 seconds.
  path: Assets/Prefabs/Knife.prefab
  artifactKey: Guid(3d10a97a1f5f3d5459b889cc897a6aea) Importer(815301076,1909f56bfc062723c751e8b465ee728b)
Start importing Assets/Prefabs/Knife.prefab using Guid(3d10a97a1f5f3d5459b889cc897a6aea) Importer(815301076,1909f56bfc062723c751e8b465ee728b)  -> (artifact id: 'ffcc19034d7f9008171ba33f84710c29') in 0.150934 seconds
  Import took 0.154771 seconds .

========================================================================
Received Prepare
Registering precompiled user dll's ...
Registered in 0.001207 seconds.
Begin MonoManager ReloadAssembly
Native extension for WindowsStandalone target not found
Refreshing native plugins compatible for Editor in 0.51 ms, found 1 plugins.
Preloading 0 native plugins for Editor in 0.00 ms.
Invoked RoslynAnalysisRunner static constructor.
RoslynAnalysisRunner will not be running.
RoslynAnalysisRunner has terminated.
Mono: successfully reloaded assembly
- Completed reload, in  1.096 seconds
Platform modules already initialized, skipping
Refreshing native plugins compatible for Editor in 0.49 ms, found 1 plugins.
Preloading 0 native plugins for Editor in 0.00 ms.
Unloading 1788 Unused Serialized files (Serialized files now loaded: 0)
System memory in use before: 88.2 MB.
System memory in use after: 88.2 MB.

Unloading 12 unused Assets to reduce memory usage. Loaded Objects now: 2258.
Total: 1.955800 ms (FindLiveObjects: 0.198000 ms CreateObjectMapping: 0.075100 ms MarkObjects: 1.533000 ms  DeleteObjects: 0.148700 ms)

========================================================================
Received Prepare
Registering precompiled user dll's ...
Registered in 0.005837 seconds.
Begin MonoManager ReloadAssembly
Native extension for WindowsStandalone target not found
Refreshing native plugins compatible for Editor in 0.39 ms, found 1 plugins.
Preloading 0 native plugins for Editor in 0.00 ms.
Invoked RoslynAnalysisRunner static constructor.
RoslynAnalysisRunner will not be running.
RoslynAnalysisRunner has terminated.
Mono: successfully reloaded assembly
- Completed reload, in  1.973 seconds
Platform modules already initialized, skipping
Refreshing native plugins compatible for Editor in 0.51 ms, found 1 plugins.
Preloading 0 native plugins for Editor in 0.00 ms.
Unloading 1788 Unused Serialized files (Serialized files now loaded: 0)
System memory in use before: 88.3 MB.
System memory in use after: 88.3 MB.

Unloading 12 unused Assets to reduce memory usage. Loaded Objects now: 2261.
Total: 3.967800 ms (FindLiveObjects: 1.476500 ms CreateObjectMapping: 0.158600 ms MarkObjects: 1.884100 ms  DeleteObjects: 0.446100 ms)

========================================================================
Received Prepare
Registering precompiled user dll's ...
Registered in 0.001381 seconds.
Begin MonoManager ReloadAssembly
Native extension for WindowsStandalone target not found
Refreshing native plugins compatible for Editor in 0.35 ms, found 1 plugins.
Preloading 0 native plugins for Editor in 0.00 ms.
Invoked RoslynAnalysisRunner static constructor.
RoslynAnalysisRunner will not be running.
RoslynAnalysisRunner has terminated.
Mono: successfully reloaded assembly
- Completed reload, in  1.145 seconds
Platform modules already initialized, skipping
Refreshing native plugins compatible for Editor in 0.42 ms, found 1 plugins.
Preloading 0 native plugins for Editor in 0.00 ms.
Unloading 1788 Unused Serialized files (Serialized files now loaded: 0)
System memory in use before: 88.4 MB.
System memory in use after: 88.4 MB.

Unloading 12 unused Assets to reduce memory usage. Loaded Objects now: 2264.
Total: 2.236900 ms (FindLiveObjects: 0.365700 ms CreateObjectMapping: 0.095400 ms MarkObjects: 1.661900 ms  DeleteObjects: 0.099200 ms)

AssetImportWorkerClient::OnTransportError - code=2 error=End of file
